#! /c/Source/iverilog-install/bin/vvp
:ivl_version "12.0 (devel)" "(s20150603-1539-g2693dd32b)";
:ivl_delay_selection "TYPICAL";
:vpi_time_precision + 0;
:vpi_module "C:\iverilog\lib\ivl\system.vpi";
:vpi_module "C:\iverilog\lib\ivl\vhdl_sys.vpi";
:vpi_module "C:\iverilog\lib\ivl\vhdl_textio.vpi";
:vpi_module "C:\iverilog\lib\ivl\v2005_math.vpi";
:vpi_module "C:\iverilog\lib\ivl\va_math.vpi";
S_00000230083e2ce0 .scope module, "baude_rate_generator" "baude_rate_generator" 2 21;
 .timescale 0 0;
    .port_info 0 /INPUT 1 "clk";
    .port_info 1 /INPUT 1 "rst";
    .port_info 2 /INPUT 2 "baud_rate";
    .port_info 3 /OUTPUT 1 "baud_clk";
v00000230083e2e70_0 .var "baud_clk", 0 0;
o0000023008416fc8 .functor BUFZ 2, C4<zz>; HiZ drive
v00000230083e2f10_0 .net "baud_rate", 1 0, o0000023008416fc8;  0 drivers
o0000023008416ff8 .functor BUFZ 1, C4<z>; HiZ drive
v00000230083e2fb0_0 .net "clk", 0 0, o0000023008416ff8;  0 drivers
v00000230083e3050_0 .var "clock_baud", 9 0;
v000002300845dc10_0 .var "final_value", 9 0;
o0000023008417088 .functor BUFZ 1, C4<z>; HiZ drive
v000002300845dcb0_0 .net "rst", 0 0, o0000023008417088;  0 drivers
E_00000230083ccae0 .event posedge, v000002300845dcb0_0, v00000230083e2fb0_0;
E_00000230083cc660 .event anyedge, v00000230083e2f10_0;
    .scope S_00000230083e2ce0;
T_0 ;
    %pushi/vec4 0, 0, 10;
    %store/vec4 v00000230083e3050_0, 0, 10;
    %pushi/vec4 0, 0, 10;
    %store/vec4 v000002300845dc10_0, 0, 10;
    %end;
    .thread T_0;
    .scope S_00000230083e2ce0;
T_1 ;
    %wait E_00000230083cc660;
    %load/vec4 v00000230083e2f10_0;
    %dup/vec4;
    %pushi/vec4 0, 0, 2;
    %cmp/u;
    %jmp/1 T_1.0, 6;
    %dup/vec4;
    %pushi/vec4 1, 0, 2;
    %cmp/u;
    %jmp/1 T_1.1, 6;
    %dup/vec4;
    %pushi/vec4 2, 0, 2;
    %cmp/u;
    %jmp/1 T_1.2, 6;
    %dup/vec4;
    %pushi/vec4 3, 0, 2;
    %cmp/u;
    %jmp/1 T_1.3, 6;
    %pushi/vec4 163, 0, 10;
    %store/vec4 v000002300845dc10_0, 0, 10;
    %jmp T_1.5;
T_1.0 ;
    %pushi/vec4 651, 0, 10;
    %store/vec4 v000002300845dc10_0, 0, 10;
    %jmp T_1.5;
T_1.1 ;
    %pushi/vec4 326, 0, 10;
    %store/vec4 v000002300845dc10_0, 0, 10;
    %jmp T_1.5;
T_1.2 ;
    %pushi/vec4 163, 0, 10;
    %store/vec4 v000002300845dc10_0, 0, 10;
    %jmp T_1.5;
T_1.3 ;
    %pushi/vec4 81, 0, 10;
    %store/vec4 v000002300845dc10_0, 0, 10;
    %jmp T_1.5;
T_1.5 ;
    %pop/vec4 1;
    %jmp T_1;
    .thread T_1, $push;
    .scope S_00000230083e2ce0;
T_2 ;
    %wait E_00000230083ccae0;
    %load/vec4 v000002300845dcb0_0;
    %flag_set/vec4 8;
    %jmp/0xz  T_2.0, 8;
    %pushi/vec4 0, 0, 1;
    %assign/vec4 v00000230083e2e70_0, 0;
    %pushi/vec4 0, 0, 10;
    %assign/vec4 v00000230083e3050_0, 0;
    %jmp T_2.1;
T_2.0 ;
    %load/vec4 v000002300845dc10_0;
    %pad/u 32;
    %muli 2, 0, 32;
    %subi 1, 0, 32;
    %load/vec4 v00000230083e3050_0;
    %pad/u 32;
    %cmp/u;
    %flag_or 5, 4;
    %jmp/0xz  T_2.2, 5;
    %load/vec4 v00000230083e2e70_0;
    %inv;
    %assign/vec4 v00000230083e2e70_0, 0;
    %pushi/vec4 0, 0, 10;
    %assign/vec4 v00000230083e3050_0, 0;
    %jmp T_2.3;
T_2.2 ;
    %load/vec4 v00000230083e3050_0;
    %addi 1, 0, 10;
    %assign/vec4 v00000230083e3050_0, 0;
T_2.3 ;
T_2.1 ;
    %jmp T_2;
    .thread T_2;
# The file index is used to find the file name in the following table.
:file_names 3;
    "N/A";
    "<interactive>";
    "baude_rate_generator.v";
